Arguments: 
  /opt/homebrew/Cellar/node/19.6.0/bin/node /usr/local/bin/yarn init

PATH: 
  /Applications/Sublime Text.app/Contents/SharedSupport/bin:/Users/sh31/.local/share/solana/install/active_release/bin:/Users/sh31/.local/bin:/opt/homebrew/bin:/opt/homebrew/sbin:/usr/local/bin:/usr/bin:/bin:/usr/sbin:/sbin:/usr/local/go/bin:/Applications/Sublime Text.app/Contents/SharedSupport/bin:/Users/sh31/.local/share/solana/install/active_release/bin:/Users/sh31/.local/bin:/opt/homebrew/bin:/opt/homebrew/sbin:/Users/sh31/.cargo/bin:/Users/sh31/Library/Android/sdk/emulator:/Users/sh31/Library/Android/sdk/tools:/Users/sh31/Library/Android/sdk/tools/bin:/Users/sh31/Library/Android/sdk/platform-tools:/Users/sh31/.foundry/bin:/Users/sh31/.starklings/dist/starklings:/Users/sh31/Library/Android/sdk/emulator:/Users/sh31/Library/Android/sdk/tools:/Users/sh31/Library/Android/sdk/tools/bin:/Users/sh31/Library/Android/sdk/platform-tools:/Users/sh31/.foundry/bin:/Users/sh31/.starklings/dist/starklings

Yarn version: 
  1.22.19

Node version: 
  19.6.0

Platform: 
  darwin arm64

Trace: 
  Error: canceled
      at Interface.<anonymous> (/usr/local/lib/node_modules/yarn/lib/cli.js:137150:13)
      at Interface.emit (node:events:512:28)
      at [_ttyWrite] [as _ttyWrite] (node:internal/readline/interface:1132:18)
      at ReadStream.onkeypress (node:internal/readline/interface:271:20)
      at ReadStream.emit (node:events:512:28)
      at emitKeys (node:internal/readline/utils:357:14)
      at emitKeys.next (<anonymous>)
      at ReadStream.onData (node:internal/readline/emitKeypressEvents:64:36)
      at ReadStream.emit (node:events:512:28)
      at addChunk (node:internal/streams/readable:324:12)

npm manifest: 
  No manifest

yarn manifest: 
  No manifest

Lockfile: 
  No lockfile
